Line: 1/20
Data              UCLAsource
Weighters              origW
Normalizers         spectral
Featurizers          degrees
Selectors      var_threshold
Scalers               minmax
Classifiers               LR
Name: 0, dtype: object
Got Features: 17.675 sec
Scoring: roc_auc
Grid Search: 11.013 sec
Grid Search Results: {'grid_roc_auc_std': 0.2089308618296927, 'grid_roc_auc_best_params': "{'penalty': 'l1', 'max_iter': 50, 'C': 0.5}", 'grid_roc_auc_mean': 0.6542553191489362}
Got Scores: 0.186 sec
Scores mean: 0.6303333333333333
Scores std: 0.21895433313821402
Scores: [ 0.63333333  0.88        0.64        1.          0.4         0.85        0.65
  0.25        0.5         0.5       ]

Line: 2/20
Data              UCLAsource
Weighters              origW
Normalizers         spectral
Featurizers          degrees
Selectors      var_threshold
Scalers               minmax
Classifiers              SVC
Name: 1, dtype: object
Got Features: 0.0 sec
Scoring: roc_auc
Grid Search: 5.69 sec
Grid Search Results: {'grid_roc_auc_std': 0.1771000234015187, 'grid_roc_auc_best_params': "{'kernel': 'rbf', 'max_iter': 50, 'C': 0.01, 'degree': 2}", 'grid_roc_auc_mean': 0.6819148936170214}
Got Scores: 0.201 sec
Scores mean: 0.6953333333333334
Scores std: 0.13151425778218878
Scores: [ 0.53333333  0.8         0.72        1.          0.7         0.7         0.6
  0.6         0.55        0.75      ]

Line: 3/20
Data              UCLAsource
Weighters              origW
Normalizers         spectral
Featurizers          degrees
Selectors      var_threshold
Scalers               minmax
Classifiers              SGD
Name: 2, dtype: object
Got Features: 0.0 sec
Scoring: roc_auc
Grid Search: 44.619 sec
Grid Search Results: {'grid_roc_auc_std': 0.16890357928003472, 'grid_roc_auc_best_params': "{'penalty': 'elasticnet', 'alpha': 0.001, 'n_iter': 50, 'l1_ratio': 1, 'loss': 'hinge'}", 'grid_roc_auc_mean': 0.68226950354609917}
Got Scores: 0.173 sec
Scores mean: 0.5686666666666668
Scores std: 0.12689628310816148
Scores: [ 0.36666667  0.52        0.6         0.85        0.45        0.55        0.7
  0.55        0.5         0.6       ]

Line: 4/20
Data              UCLAsource
Weighters              origW
Normalizers         spectral
Featurizers          degrees
Selectors      var_threshold
Scalers                origS
Classifiers               RF
Name: 3, dtype: object
Got Features: 0.0 sec
Scoring: roc_auc
Grid Search: 247.505 sec
Grid Search Results: {'grid_roc_auc_std': 0.20444411093807199, 'grid_roc_auc_best_params': "{'n_estimators': 500, 'criterion': 'entropy', 'max_depth': 7, 'max_features': 0.01}", 'grid_roc_auc_mean': 0.70673758865248226}
Got Scores: 1.189 sec
Scores mean: 0.616
Scores std: 0.21331666601557414
Scores: [ 0.5   0.36  0.8   0.8   0.75  0.65  0.2   0.6   0.55  0.95]

Line: 5/20
Data              UCLAsource
Weighters              origW
Normalizers         spectral
Featurizers          degrees
Selectors      var_threshold
Scalers                origS
Classifiers              XGB
Name: 4, dtype: object
Got Features: 0.0 sec
Scoring: roc_auc
Grid Search: 15799.157 sec
Grid Search Results: {'grid_roc_auc_std': 0.17300760756259673, 'grid_roc_auc_best_params': "{'subsample': 1, 'reg_alpha': 0, 'nthread': 1, 'reg_lambda': 0, 'n_estimators': 10, 'learning_rate': 0.45, 'colsample_bytree': 0.1, 'max_depth': 1}", 'grid_roc_auc_mean': 0.762677304964539}
Got Scores: 0.452 sec
Scores mean: 0.7156666666666667
Scores std: 0.16723436648408524
Scores: [ 0.56666667  0.9         0.54        0.95        0.65        0.725       0.5
  0.675       0.65        1.        ]

Line: 6/20
Data              UCLAsource
Weighters              binar
Normalizers         spectral
Featurizers          degrees
Selectors      var_threshold
Scalers               minmax
Classifiers               LR
Name: 5, dtype: object
Got Features: 0.252 sec
Scoring: roc_auc
Grid Search: 9.974 sec
Grid Search Results: {'grid_roc_auc_std': 0.091424051679476939, 'grid_roc_auc_best_params': "{'penalty': 'l1', 'max_iter': 50, 'C': 0.30000000000000004}", 'grid_roc_auc_mean': 0.61453900709219866}
Got Scores: 0.205 sec
Scores mean: 0.6093333333333334
Scores std: 0.17792507786518835
Scores: [ 0.53333333  0.64        0.52        0.45        0.9         0.6         0.55
  0.9         0.7         0.3       ]

Line: 7/20
Data              UCLAsource
Weighters              binar
Normalizers         spectral
Featurizers          degrees
Selectors      var_threshold
Scalers               minmax
Classifiers              SVC
Name: 6, dtype: object
Got Features: 0.0 sec
Scoring: roc_auc
Grid Search: 5.614 sec
Grid Search Results: {'grid_roc_auc_std': 0.206535626933703, 'grid_roc_auc_best_params': "{'kernel': 'linear', 'max_iter': 50, 'C': 0.25, 'degree': 2}", 'grid_roc_auc_mean': 0.35726950354609932}
Got Scores: 0.236 sec
Scores mean: 0.403
Scores std: 0.1408580846100074
Scores: [ 0.2   0.52  0.36  0.5   0.5   0.55  0.2   0.6   0.3   0.3 ]

Line: 8/20
Data              UCLAsource
Weighters              binar
Normalizers         spectral
Featurizers          degrees
Selectors      var_threshold
Scalers               minmax
Classifiers              SGD
Name: 7, dtype: object
Got Features: 0.0 sec
Scoring: roc_auc
Grid Search: 43.804 sec
Grid Search Results: {'grid_roc_auc_std': 0.14613666205913844, 'grid_roc_auc_best_params': "{'penalty': 'elasticnet', 'alpha': 0.1, 'n_iter': 100, 'l1_ratio': 1, 'loss': 'modified_huber'}", 'grid_roc_auc_mean': 0.63812056737588652}
Got Scores: 0.185 sec
Scores mean: 0.589
Scores std: 0.15371727293964074
Scores: [ 0.6   0.48  0.76  0.75  0.85  0.5   0.5   0.55  0.6   0.3 ]

Line: 9/20
Data              UCLAsource
Weighters              binar
Normalizers         spectral
Featurizers          degrees
Selectors      var_threshold
Scalers                origS
Classifiers               RF
Name: 8, dtype: object
Got Features: 0.0 sec
Scoring: roc_auc
Grid Search: 246.566 sec
Grid Search Results: {'grid_roc_auc_std': 0.26301793091498088, 'grid_roc_auc_best_params': "{'n_estimators': 10, 'criterion': 'entropy', 'max_depth': 7, 'max_features': 0.1}", 'grid_roc_auc_mean': 0.60984042553191486}
Got Scores: 0.321 sec
Scores mean: 0.4538333333333334
Scores std: 0.2659710197245808
Scores: [ 0.28333333  0.          0.68        0.3         0.75        0.875       0.675
  0.175       0.4         0.4       ]

Line: 10/20
Data              UCLAsource
Weighters              binar
Normalizers         spectral
Featurizers          degrees
Selectors      var_threshold
Scalers                origS
Classifiers              XGB
Name: 9, dtype: object
Got Features: 0.0 sec
Scoring: roc_auc
Grid Search: 15780.714 sec
Grid Search Results: {'grid_roc_auc_std': 0.16610522986032791, 'grid_roc_auc_best_params': "{'subsample': 0.7, 'reg_alpha': 1, 'nthread': 1, 'reg_lambda': 1, 'n_estimators': 10, 'learning_rate': 0.30000000000000004, 'colsample_bytree': 0.01, 'max_depth': 3}", 'grid_roc_auc_mean': 0.69450354609929077}
Got Scores: 0.499 sec
Scores mean: 0.5469999999999999
Scores std: 0.1919921873410478
Scores: [ 0.5   0.76  0.16  0.6   0.85  0.5   0.3   0.65  0.6   0.55]

Line: 11/20
Data              UCLAsource
Weighters          wbysqdist
Normalizers         spectral
Featurizers          degrees
Selectors      var_threshold
Scalers               minmax
Classifiers               LR
Name: 10, dtype: object
Got Features: 0.253 sec
Scoring: roc_auc
Grid Search: 10.531 sec
Grid Search Results: {'grid_roc_auc_std': 0.22823329754164942, 'grid_roc_auc_best_params': "{'penalty': 'l2', 'max_iter': 50, 'C': 0.75}", 'grid_roc_auc_mean': 0.75780141843971616}
Got Scores: 0.226 sec
Scores mean: 0.7316666666666667
Scores std: 0.14896867679705916
Scores: [ 0.46666667  0.8         0.6         0.9         0.8         0.9         0.55
  0.65        0.75        0.9       ]

Line: 12/20
Data              UCLAsource
Weighters          wbysqdist
Normalizers         spectral
Featurizers          degrees
Selectors      var_threshold
Scalers               minmax
Classifiers              SVC
Name: 11, dtype: object
Got Features: 0.0 sec
Scoring: roc_auc
Grid Search: 5.551 sec
Grid Search Results: {'grid_roc_auc_std': 0.1788955604485809, 'grid_roc_auc_best_params': "{'kernel': 'linear', 'max_iter': 50, 'C': 0.25, 'degree': 2}", 'grid_roc_auc_mean': 0.84468085106382973}
Got Scores: 0.259 sec
Scores mean: 0.7543333333333334
Scores std: 0.12084011475223505
Scores: [ 0.63333333  0.76        0.6         0.9         0.75        0.9         0.55
  0.75        0.8         0.9       ]

Line: 13/20
Data              UCLAsource
Weighters          wbysqdist
Normalizers         spectral
Featurizers          degrees
Selectors      var_threshold
Scalers               minmax
Classifiers              SGD
Name: 12, dtype: object
Got Features: 0.0 sec
Scoring: roc_auc
Grid Search: 45.103 sec
Grid Search Results: {'grid_roc_auc_std': 0.1917077983171705, 'grid_roc_auc_best_params': "{'penalty': 'elasticnet', 'alpha': 0.01, 'n_iter': 200, 'l1_ratio': 0, 'loss': 'hinge'}", 'grid_roc_auc_mean': 0.8232269503546098}
Got Scores: 0.22 sec
Scores mean: 0.7753333333333334
Scores std: 0.1566397139936102
Scores: [ 0.43333333  0.88        0.64        0.95        0.8         0.9         0.6
  0.85        0.8         0.9       ]

Line: 14/20
Data              UCLAsource
Weighters          wbysqdist
Normalizers         spectral
Featurizers          degrees
Selectors      var_threshold
Scalers                origS
Classifiers               RF
Name: 13, dtype: object
Got Features: 0.0 sec
Scoring: roc_auc
Grid Search: 244.501 sec
Grid Search Results: {'grid_roc_auc_std': 0.15852083697179284, 'grid_roc_auc_best_params': "{'n_estimators': 200, 'criterion': 'entropy', 'max_depth': 7, 'max_features': 0.05}", 'grid_roc_auc_mean': 0.80487588652482267}
Got Scores: 0.723 sec
Scores mean: 0.6386666666666666
Scores std: 0.12517720772302493
Scores: [ 0.36666667  0.76        0.56        0.8         0.7         0.5         0.7
  0.7         0.6         0.7       ]

Line: 15/20
Data              UCLAsource
Weighters          wbysqdist
Normalizers         spectral
Featurizers          degrees
Selectors      var_threshold
Scalers                origS
Classifiers              XGB
Name: 14, dtype: object
Got Features: 0.0 sec
Scoring: roc_auc
Grid Search: 15451.659 sec
Grid Search Results: {'grid_roc_auc_std': 0.10688498576075786, 'grid_roc_auc_best_params': "{'subsample': 1, 'reg_alpha': 0, 'nthread': 1, 'reg_lambda': 1, 'n_estimators': 200, 'learning_rate': 0.25, 'colsample_bytree': 0.05, 'max_depth': 3}", 'grid_roc_auc_mean': 0.85106382978723405}
Got Scores: 0.232 sec
Scores mean: 0.653
Scores std: 0.16510905486980418
Scores: [ 0.4   0.84  0.44  0.8   0.55  0.8   0.7   0.45  0.8   0.75]

Line: 16/20
Data            UCLAbaseline
Weighters              origW
Normalizers            origN
Featurizers            origF
Selectors      var_threshold
Scalers               minmax
Classifiers               LR
Name: 15, dtype: object
Got Features: 0.004 sec
Scoring: roc_auc
Grid Search: 1.568 sec
Grid Search Results: {'grid_roc_auc_std': 0.16682633441345612, 'grid_roc_auc_best_params': "{'penalty': 'l2', 'max_iter': 50, 'C': 0.75}", 'grid_roc_auc_mean': 0.59024822695035462}
Got Scores: 0.247 sec
Scores mean: 0.45166666666666666
Scores std: 0.18476561729210697
Scores: [ 0.86666667  0.48        0.32        0.15        0.5         0.3         0.6
  0.35        0.5         0.45      ]

Line: 17/20
Data            UCLAbaseline
Weighters              origW
Normalizers            origN
Featurizers            origF
Selectors      var_threshold
Scalers               minmax
Classifiers              SVC
Name: 16, dtype: object
Got Features: 0.0 sec
Scoring: roc_auc
Grid Search: 5.006 sec
Grid Search Results: {'grid_roc_auc_std': 0.20196746171293301, 'grid_roc_auc_best_params': "{'kernel': 'sigmoid', 'max_iter': 50, 'C': 0.01, 'degree': 2}", 'grid_roc_auc_mean': 0.59468085106382973}
Got Scores: 0.273 sec
Scores mean: 0.43466666666666665
Scores std: 0.15179811153853878
Scores: [ 0.76666667  0.36        0.32        0.3         0.45        0.2         0.6
  0.45        0.45        0.45      ]

Line: 18/20
Data            UCLAbaseline
Weighters              origW
Normalizers            origN
Featurizers            origF
Selectors      var_threshold
Scalers               minmax
Classifiers              SGD
Name: 17, dtype: object
Got Features: 0.0 sec
Scoring: roc_auc
Grid Search: 3.044 sec
Grid Search Results: {'grid_roc_auc_std': 0.19324093836073736, 'grid_roc_auc_best_params': "{'penalty': 'elasticnet', 'alpha': 0.001, 'n_iter': 200, 'l1_ratio': 0.8, 'loss': 'hinge'}", 'grid_roc_auc_mean': 0.61347517730496448}
Got Scores: 0.259 sec
Scores mean: 0.49766666666666676
Scores std: 0.17244032784318947
Scores: [ 0.76666667  0.48        0.28        0.2         0.55        0.45        0.6
  0.5         0.75        0.4       ]

Line: 19/20
Data            UCLAbaseline
Weighters              origW
Normalizers            origN
Featurizers            origF
Selectors      var_threshold
Scalers                origS
Classifiers               RF
Name: 18, dtype: object
Got Features: 0.0 sec
Scoring: roc_auc
Grid Search: 141.357 sec
Grid Search Results: {'grid_roc_auc_std': 0.15509675129888323, 'grid_roc_auc_best_params': "{'n_estimators': 100, 'criterion': 'gini', 'max_depth': 7, 'max_features': 0.05}", 'grid_roc_auc_mean': 0.69361702127659575}
Got Scores: 0.427 sec
Scores mean: 0.5926666666666666
Scores std: 0.20932590220355754
Scores: [ 0.86666667  0.8         0.36        0.5         0.45        0.55        1.
  0.55        0.35        0.5       ]

Line: 20/20
Data            UCLAbaseline
Weighters              origW
Normalizers            origN
Featurizers            origF
Selectors      var_threshold
Scalers                origS
Classifiers              XGB
Name: 19, dtype: object
Got Features: 0.0 sec
Scoring: roc_auc
